\BOOKMARK [1][-]{section.1}{\376\377\000T\000h\000e\000r\000m\000o\000d\000y\000n\000a\000m\000i\000c\000s\000\040\000\050\000T\000D\000\051}{}% 1
\BOOKMARK [2][-]{subsection.1.1}{\376\377\000P\000o\000s\000t\000u\000l\000a\000t\000e\000s\000\040\000o\000f\000\040\000T\000D}{section.1}% 2
\BOOKMARK [2][-]{subsection.1.2}{\376\377\000T\000D\000\040\000l\000a\000w\000s}{section.1}% 3
\BOOKMARK [1][-]{section.2}{\376\377\000S\000m\000a\000l\000l\000\040\000C\000h\000a\000n\000g\000e\000s\000:\000\040\000I\000n\000e\000x\000a\000c\000t\000\040\000a\000n\000d\000\040\000e\000x\000a\000c\000t\000\040\000d\000i\000f\000f\000e\000r\000e\000n\000t\000i\000a\000l\000s}{}% 4
\BOOKMARK [2][-]{subsubsection.2.0.1}{\376\377\000W\000o\000r\000k}{section.2}% 5
\BOOKMARK [3][-]{subsubsection.2.0.2}{\376\377\000H\000e\000a\000t}{subsubsection.2.0.1}% 6
\BOOKMARK [3][-]{subsubsection.2.0.3}{\376\377\000C\000o\000n\000s\000e\000r\000v\000a\000t\000i\000o\000n\000\040\000o\000f\000\040\000e\000n\000e\000r\000g\000y}{subsubsection.2.0.1}% 7
\BOOKMARK [2][-]{subsection.2.1}{\376\377\000T\000D\000\040\000P\000r\000o\000c\000e\000s\000s\000e\000s}{section.2}% 8
\BOOKMARK [3][-]{subsubsection.2.1.1}{\376\377\000Q\000u\000a\000s\000i\000s\000t\000a\000t\000i\000c\000\040\000p\000r\000o\000c\000e\000s\000s}{subsection.2.1}% 9
\BOOKMARK [3][-]{subsubsection.2.1.2}{\376\377\000H\000e\000a\000t\000\040\000E\000n\000g\000i\000n\000e\000s}{subsection.2.1}% 10
\BOOKMARK [3][-]{subsubsection.2.1.3}{\376\377\000F\000r\000i\000d\000g\000e\000\040\000a\000n\000d\000\040\000A\000i\000r\000\040\000c\000o\000n\000d\000i\000t\000i\000o\000n\000e\000r\000s}{subsection.2.1}% 11
\BOOKMARK [3][-]{subsubsection.2.1.4}{\376\377\000H\000e\000a\000t\000\040\000P\000u\000m\000p\000s}{subsection.2.1}% 12
\BOOKMARK [1][-]{section.3}{\376\377\000T\000D\000\040\000P\000o\000t\000e\000n\000t\000i\000a\000l\000s}{}% 13
\BOOKMARK [2][-]{subsection.3.1}{\376\377\000L\000e\000g\000e\000n\000d\000r\000e\000\040\000T\000r\000a\000n\000s\000f\000o\000r\000m}{section.3}% 14
\BOOKMARK [2][-]{subsection.3.2}{\376\377\000H\000e\000l\000m\000h\000o\000l\000t\000z\000\040\000f\000r\000e\000e\000\040\000e\000n\000e\000r\000g\000y}{section.3}% 15
\BOOKMARK [2][-]{subsection.3.3}{\376\377\000E\000n\000t\000h\000a\000l\000p\000y}{section.3}% 16
\BOOKMARK [2][-]{subsection.3.4}{\376\377\000G\000i\000b\000b\000s\000\040\000f\000r\000e\000e\000\040\000e\000n\000e\000r\000g\000y}{section.3}% 17
\BOOKMARK [2][-]{subsection.3.5}{\376\377\000S\000u\000m\000m\000a\000r\000y}{section.3}% 18
\BOOKMARK [1][-]{section.4}{\376\377\000E\000x\000t\000e\000n\000s\000i\000v\000i\000t\000y}{}% 19
\BOOKMARK [2][-]{subsection.4.1}{\376\377\000G\000i\000b\000b\000s\000-\000D\000u\000h\000e\000m\000\040\000r\000e\000l\000a\000t\000i\000o\000n}{section.4}% 20
\BOOKMARK [2][-]{subsection.4.2}{\376\377\000T\000D\000\040\000P\000o\000t\000e\000n\000t\000i\000a\000l\000s\000\040\000a\000n\000d\000\040\000E\000x\000t\000e\000n\000s\000i\000v\000i\000t\000y}{section.4}% 21
\BOOKMARK [1][-]{section.5}{\376\377\000T\000D\000\040\000i\000d\000e\000n\000t\000i\000t\000i\000e\000s}{}% 22
\BOOKMARK [2][-]{subsection.5.1}{\376\377\000S\000t\000a\000n\000d\000a\000r\000d\000\040\000Q\000u\000a\000n\000t\000i\000t\000i\000e\000s}{section.5}% 23
\BOOKMARK [2][-]{subsection.5.2}{\376\377\000M\000a\000x\000w\000e\000l\000l\000\040\000R\000e\000l\000a\000t\000i\000o\000n\000s}{section.5}% 24
\BOOKMARK [1][-]{section.6}{\376\377\000M\000a\000n\000i\000p\000u\000l\000a\000t\000i\000n\000g\000\040\000p\000a\000r\000t\000i\000a\000l\000\040\000d\000e\000r\000i\000v\000a\000t\000i\000v\000e\000s\000\040\000a\000s\000\040\000J\000a\000c\000o\000b\000i\000a\000n\000s}{}% 25
\BOOKMARK [2][-]{subsection.6.1}{\376\377\000C\000o\000n\000n\000e\000c\000t\000i\000o\000n\000\040\000t\000o\000\040\000p\000a\000r\000t\000i\000a\000l\000\040\000d\000e\000r\000i\000v\000a\000t\000i\000v\000e\000s}{section.6}% 26
\BOOKMARK [1][-]{section.7}{\376\377\000E\000x\000t\000r\000e\000m\000a\000\040\000P\000r\000i\000n\000c\000i\000p\000l\000e\000s}{}% 27
\BOOKMARK [2][-]{subsection.7.1}{\376\377\000H\000e\000l\000m\000h\000o\000l\000t\000z\000\040\000F\000r\000e\000e\000\040\000E\000n\000e\000r\000g\000y\000\040\000F}{section.7}% 28
\BOOKMARK [2][-]{subsection.7.2}{\376\377\000E\000x\000e\000r\000g\000y}{section.7}% 29
\BOOKMARK [1][-]{section.8}{\376\377\000S\000t\000a\000b\000i\000l\000i\000t\000y\000\040\000C\000o\000n\000d\000i\000t\000i\000o\000n\000s}{}% 30
\BOOKMARK [2][-]{subsection.8.1}{\376\377\000C\000o\000m\000p\000o\000s\000i\000t\000e\000\040\000s\000y\000s\000t\000e\000m}{section.8}% 31
\BOOKMARK [2][-]{subsection.8.2}{\376\377\000H\000e\000a\000t\000\040\000T\000r\000a\000n\000s\000f\000e\000r}{section.8}% 32
\BOOKMARK [2][-]{subsection.8.3}{\376\377\000V\000o\000l\000u\000m\000e\000\040\000E\000x\000c\000h\000a\000n\000g\000e\000\040\000f\000o\000r\000\040\000H\000e\000l\000m\000h\000o\000l\000t\000z\000\040\000F\000r\000e\000e\000\040\000E\000n\000e\000r\000g\000y}{section.8}% 33
\BOOKMARK [2][-]{subsection.8.4}{\376\377\000H\000e\000a\000t\000\040\000E\000x\000c\000h\000a\000n\000g\000e\000\040\000f\000o\000r\000\040\000E\000n\000t\000h\000a\000l\000p\000y}{section.8}% 34
\BOOKMARK [2][-]{subsection.8.5}{\376\377\000W\000h\000a\000t\000\040\000a\000b\000o\000u\000t\000\040\000i\000n\000t\000e\000n\000s\000i\000v\000e\000\040\000v\000a\000r\000i\000a\000b\000l\000e\000s\000?}{section.8}% 35
\BOOKMARK [2][-]{subsection.8.6}{\376\377\000V\000a\000n\000\040\000d\000e\000r\000\040\000W\000a\000a\000l\000'\000s\000\040\000g\000a\000s}{section.8}% 36
